<?xml version="1.0" encoding="UTF-8"?>
<testsuite xmlns:xsi="http://www.w3.org/2001/XMLSchema-instance" xsi:noNamespaceSchemaLocation="https://maven.apache.org/surefire/maven-surefire-plugin/xsd/surefire-test-report-3.0.xsd" version="3.0" name="com.project_cloud_s5.hallo.HalloApplicationTests" time="5.158" tests="1" errors="0" skipped="0" failures="0">
  <properties>
    <property name="java.specification.version" value="19"/>
    <property name="sun.cpu.isalist" value="amd64"/>
    <property name="sun.jnu.encoding" value="Cp1252"/>
    <property name="java.class.path" value="D:\techno_dev\Project_cloud_S5_backend\target\test-classes;D:\techno_dev\Project_cloud_S5_backend\target\classes;C:\Users\fenor\.m2\repository\org\springframework\boot\spring-boot-starter-web\3.2.1\spring-boot-starter-web-3.2.1.jar;C:\Users\fenor\.m2\repository\org\springframework\boot\spring-boot-starter\3.2.1\spring-boot-starter-3.2.1.jar;C:\Users\fenor\.m2\repository\org\springframework\boot\spring-boot\3.2.1\spring-boot-3.2.1.jar;C:\Users\fenor\.m2\repository\org\springframework\boot\spring-boot-autoconfigure\3.2.1\spring-boot-autoconfigure-3.2.1.jar;C:\Users\fenor\.m2\repository\org\springframework\boot\spring-boot-starter-logging\3.2.1\spring-boot-starter-logging-3.2.1.jar;C:\Users\fenor\.m2\repository\ch\qos\logback\logback-classic\1.4.14\logback-classic-1.4.14.jar;C:\Users\fenor\.m2\repository\ch\qos\logback\logback-core\1.4.14\logback-core-1.4.14.jar;C:\Users\fenor\.m2\repository\org\apache\logging\log4j\log4j-to-slf4j\2.21.1\log4j-to-slf4j-2.21.1.jar;C:\Users\fenor\.m2\repository\org\apache\logging\log4j\log4j-api\2.21.1\log4j-api-2.21.1.jar;C:\Users\fenor\.m2\repository\org\slf4j\jul-to-slf4j\2.0.9\jul-to-slf4j-2.0.9.jar;C:\Users\fenor\.m2\repository\jakarta\annotation\jakarta.annotation-api\2.1.1\jakarta.annotation-api-2.1.1.jar;C:\Users\fenor\.m2\repository\org\yaml\snakeyaml\2.2\snakeyaml-2.2.jar;C:\Users\fenor\.m2\repository\org\springframework\boot\spring-boot-starter-json\3.2.1\spring-boot-starter-json-3.2.1.jar;C:\Users\fenor\.m2\repository\com\fasterxml\jackson\datatype\jackson-datatype-jdk8\2.15.3\jackson-datatype-jdk8-2.15.3.jar;C:\Users\fenor\.m2\repository\com\fasterxml\jackson\datatype\jackson-datatype-jsr310\2.15.3\jackson-datatype-jsr310-2.15.3.jar;C:\Users\fenor\.m2\repository\com\fasterxml\jackson\module\jackson-module-parameter-names\2.15.3\jackson-module-parameter-names-2.15.3.jar;C:\Users\fenor\.m2\repository\org\springframework\boot\spring-boot-starter-tomcat\3.2.1\spring-boot-starter-tomcat-3.2.1.jar;C:\Users\fenor\.m2\repository\org\apache\tomcat\embed\tomcat-embed-core\10.1.17\tomcat-embed-core-10.1.17.jar;C:\Users\fenor\.m2\repository\org\apache\tomcat\embed\tomcat-embed-el\10.1.17\tomcat-embed-el-10.1.17.jar;C:\Users\fenor\.m2\repository\org\apache\tomcat\embed\tomcat-embed-websocket\10.1.17\tomcat-embed-websocket-10.1.17.jar;C:\Users\fenor\.m2\repository\org\springframework\spring-web\6.1.2\spring-web-6.1.2.jar;C:\Users\fenor\.m2\repository\org\springframework\spring-beans\6.1.2\spring-beans-6.1.2.jar;C:\Users\fenor\.m2\repository\io\micrometer\micrometer-observation\1.12.1\micrometer-observation-1.12.1.jar;C:\Users\fenor\.m2\repository\io\micrometer\micrometer-commons\1.12.1\micrometer-commons-1.12.1.jar;C:\Users\fenor\.m2\repository\org\springframework\spring-webmvc\6.1.2\spring-webmvc-6.1.2.jar;C:\Users\fenor\.m2\repository\org\springframework\spring-aop\6.1.2\spring-aop-6.1.2.jar;C:\Users\fenor\.m2\repository\org\springframework\spring-context\6.1.2\spring-context-6.1.2.jar;C:\Users\fenor\.m2\repository\org\springframework\spring-expression\6.1.2\spring-expression-6.1.2.jar;C:\Users\fenor\.m2\repository\io\jsonwebtoken\jjwt\0.9.1\jjwt-0.9.1.jar;C:\Users\fenor\.m2\repository\com\fasterxml\jackson\core\jackson-databind\2.15.3\jackson-databind-2.15.3.jar;C:\Users\fenor\.m2\repository\com\fasterxml\jackson\core\jackson-annotations\2.15.3\jackson-annotations-2.15.3.jar;C:\Users\fenor\.m2\repository\com\fasterxml\jackson\core\jackson-core\2.15.3\jackson-core-2.15.3.jar;C:\Users\fenor\.m2\repository\javax\xml\bind\jaxb-api\2.3.1\jaxb-api-2.3.1.jar;C:\Users\fenor\.m2\repository\javax\activation\javax.activation-api\1.2.0\javax.activation-api-1.2.0.jar;C:\Users\fenor\.m2\repository\org\postgresql\postgresql\42.6.0\postgresql-42.6.0.jar;C:\Users\fenor\.m2\repository\org\checkerframework\checker-qual\3.31.0\checker-qual-3.31.0.jar;C:\Users\fenor\.m2\repository\org\springframework\boot\spring-boot-starter-data-mongodb\3.2.1\spring-boot-starter-data-mongodb-3.2.1.jar;C:\Users\fenor\.m2\repository\org\mongodb\mongodb-driver-sync\4.11.1\mongodb-driver-sync-4.11.1.jar;C:\Users\fenor\.m2\repository\org\mongodb\bson\4.11.1\bson-4.11.1.jar;C:\Users\fenor\.m2\repository\org\mongodb\mongodb-driver-core\4.11.1\mongodb-driver-core-4.11.1.jar;C:\Users\fenor\.m2\repository\org\mongodb\bson-record-codec\4.11.1\bson-record-codec-4.11.1.jar;C:\Users\fenor\.m2\repository\org\springframework\data\spring-data-mongodb\4.2.1\spring-data-mongodb-4.2.1.jar;C:\Users\fenor\.m2\repository\org\springframework\spring-tx\6.1.2\spring-tx-6.1.2.jar;C:\Users\fenor\.m2\repository\org\springframework\data\spring-data-commons\3.2.1\spring-data-commons-3.2.1.jar;C:\Users\fenor\.m2\repository\org\springframework\boot\spring-boot-starter-data-jpa\3.2.1\spring-boot-starter-data-jpa-3.2.1.jar;C:\Users\fenor\.m2\repository\org\springframework\boot\spring-boot-starter-aop\3.2.1\spring-boot-starter-aop-3.2.1.jar;C:\Users\fenor\.m2\repository\org\aspectj\aspectjweaver\1.9.21\aspectjweaver-1.9.21.jar;C:\Users\fenor\.m2\repository\org\hibernate\orm\hibernate-core\6.4.1.Final\hibernate-core-6.4.1.Final.jar;C:\Users\fenor\.m2\repository\jakarta\persistence\jakarta.persistence-api\3.1.0\jakarta.persistence-api-3.1.0.jar;C:\Users\fenor\.m2\repository\jakarta\transaction\jakarta.transaction-api\2.0.1\jakarta.transaction-api-2.0.1.jar;C:\Users\fenor\.m2\repository\org\jboss\logging\jboss-logging\3.5.3.Final\jboss-logging-3.5.3.Final.jar;C:\Users\fenor\.m2\repository\org\hibernate\common\hibernate-commons-annotations\6.0.6.Final\hibernate-commons-annotations-6.0.6.Final.jar;C:\Users\fenor\.m2\repository\io\smallrye\jandex\3.1.2\jandex-3.1.2.jar;C:\Users\fenor\.m2\repository\com\fasterxml\classmate\1.6.0\classmate-1.6.0.jar;C:\Users\fenor\.m2\repository\net\bytebuddy\byte-buddy\1.14.10\byte-buddy-1.14.10.jar;C:\Users\fenor\.m2\repository\org\glassfish\jaxb\jaxb-runtime\4.0.4\jaxb-runtime-4.0.4.jar;C:\Users\fenor\.m2\repository\org\glassfish\jaxb\jaxb-core\4.0.4\jaxb-core-4.0.4.jar;C:\Users\fenor\.m2\repository\org\eclipse\angus\angus-activation\2.0.1\angus-activation-2.0.1.jar;C:\Users\fenor\.m2\repository\org\glassfish\jaxb\txw2\4.0.4\txw2-4.0.4.jar;C:\Users\fenor\.m2\repository\com\sun\istack\istack-commons-runtime\4.1.2\istack-commons-runtime-4.1.2.jar;C:\Users\fenor\.m2\repository\jakarta\inject\jakarta.inject-api\2.0.1\jakarta.inject-api-2.0.1.jar;C:\Users\fenor\.m2\repository\org\antlr\antlr4-runtime\4.13.0\antlr4-runtime-4.13.0.jar;C:\Users\fenor\.m2\repository\org\springframework\data\spring-data-jpa\3.2.1\spring-data-jpa-3.2.1.jar;C:\Users\fenor\.m2\repository\org\springframework\spring-orm\6.1.2\spring-orm-6.1.2.jar;C:\Users\fenor\.m2\repository\org\springframework\spring-aspects\6.1.2\spring-aspects-6.1.2.jar;C:\Users\fenor\.m2\repository\org\springframework\boot\spring-boot-starter-jdbc\3.2.1\spring-boot-starter-jdbc-3.2.1.jar;C:\Users\fenor\.m2\repository\com\zaxxer\HikariCP\5.0.1\HikariCP-5.0.1.jar;C:\Users\fenor\.m2\repository\org\springframework\spring-jdbc\6.1.2\spring-jdbc-6.1.2.jar;C:\Users\fenor\.m2\repository\org\springframework\boot\spring-boot-starter-test\3.2.1\spring-boot-starter-test-3.2.1.jar;C:\Users\fenor\.m2\repository\org\springframework\boot\spring-boot-test\3.2.1\spring-boot-test-3.2.1.jar;C:\Users\fenor\.m2\repository\org\springframework\boot\spring-boot-test-autoconfigure\3.2.1\spring-boot-test-autoconfigure-3.2.1.jar;C:\Users\fenor\.m2\repository\com\jayway\jsonpath\json-path\2.8.0\json-path-2.8.0.jar;C:\Users\fenor\.m2\repository\jakarta\xml\bind\jakarta.xml.bind-api\4.0.1\jakarta.xml.bind-api-4.0.1.jar;C:\Users\fenor\.m2\repository\jakarta\activation\jakarta.activation-api\2.1.2\jakarta.activation-api-2.1.2.jar;C:\Users\fenor\.m2\repository\net\minidev\json-smart\2.5.0\json-smart-2.5.0.jar;C:\Users\fenor\.m2\repository\net\minidev\accessors-smart\2.5.0\accessors-smart-2.5.0.jar;C:\Users\fenor\.m2\repository\org\ow2\asm\asm\9.3\asm-9.3.jar;C:\Users\fenor\.m2\repository\org\assertj\assertj-core\3.24.2\assertj-core-3.24.2.jar;C:\Users\fenor\.m2\repository\org\awaitility\awaitility\4.2.0\awaitility-4.2.0.jar;C:\Users\fenor\.m2\repository\org\hamcrest\hamcrest\2.2\hamcrest-2.2.jar;C:\Users\fenor\.m2\repository\org\junit\jupiter\junit-jupiter\5.10.1\junit-jupiter-5.10.1.jar;C:\Users\fenor\.m2\repository\org\junit\jupiter\junit-jupiter-api\5.10.1\junit-jupiter-api-5.10.1.jar;C:\Users\fenor\.m2\repository\org\opentest4j\opentest4j\1.3.0\opentest4j-1.3.0.jar;C:\Users\fenor\.m2\repository\org\junit\platform\junit-platform-commons\1.10.1\junit-platform-commons-1.10.1.jar;C:\Users\fenor\.m2\repository\org\apiguardian\apiguardian-api\1.1.2\apiguardian-api-1.1.2.jar;C:\Users\fenor\.m2\repository\org\junit\jupiter\junit-jupiter-params\5.10.1\junit-jupiter-params-5.10.1.jar;C:\Users\fenor\.m2\repository\org\junit\jupiter\junit-jupiter-engine\5.10.1\junit-jupiter-engine-5.10.1.jar;C:\Users\fenor\.m2\repository\org\junit\platform\junit-platform-engine\1.10.1\junit-platform-engine-1.10.1.jar;C:\Users\fenor\.m2\repository\org\mockito\mockito-core\5.7.0\mockito-core-5.7.0.jar;C:\Users\fenor\.m2\repository\net\bytebuddy\byte-buddy-agent\1.14.10\byte-buddy-agent-1.14.10.jar;C:\Users\fenor\.m2\repository\org\objenesis\objenesis\3.3\objenesis-3.3.jar;C:\Users\fenor\.m2\repository\org\mockito\mockito-junit-jupiter\5.7.0\mockito-junit-jupiter-5.7.0.jar;C:\Users\fenor\.m2\repository\org\skyscreamer\jsonassert\1.5.1\jsonassert-1.5.1.jar;C:\Users\fenor\.m2\repository\com\vaadin\external\google\android-json\0.0.20131108.vaadin1\android-json-0.0.20131108.vaadin1.jar;C:\Users\fenor\.m2\repository\org\springframework\spring-core\6.1.2\spring-core-6.1.2.jar;C:\Users\fenor\.m2\repository\org\springframework\spring-jcl\6.1.2\spring-jcl-6.1.2.jar;C:\Users\fenor\.m2\repository\org\springframework\spring-test\6.1.2\spring-test-6.1.2.jar;C:\Users\fenor\.m2\repository\org\xmlunit\xmlunit-core\2.9.1\xmlunit-core-2.9.1.jar;C:\Users\fenor\.m2\repository\com\google\firebase\firebase-admin\7.1.0\firebase-admin-7.1.0.jar;C:\Users\fenor\.m2\repository\com\google\api-client\google-api-client\1.30.10\google-api-client-1.30.10.jar;C:\Users\fenor\.m2\repository\com\google\oauth-client\google-oauth-client\1.31.0\google-oauth-client-1.31.0.jar;C:\Users\fenor\.m2\repository\com\google\http-client\google-http-client-jackson2\1.36.0\google-http-client-jackson2-1.36.0.jar;C:\Users\fenor\.m2\repository\com\google\api-client\google-api-client-gson\1.30.10\google-api-client-gson-1.30.10.jar;C:\Users\fenor\.m2\repository\com\google\http-client\google-http-client-gson\1.36.0\google-http-client-gson-1.36.0.jar;C:\Users\fenor\.m2\repository\com\google\http-client\google-http-client\1.35.0\google-http-client-1.35.0.jar;C:\Users\fenor\.m2\repository\org\apache\httpcomponents\httpclient\4.5.12\httpclient-4.5.12.jar;C:\Users\fenor\.m2\repository\org\apache\httpcomponents\httpcore\4.4.16\httpcore-4.4.16.jar;C:\Users\fenor\.m2\repository\com\google\code\findbugs\jsr305\3.0.2\jsr305-3.0.2.jar;C:\Users\fenor\.m2\repository\com\google\j2objc\j2objc-annotations\1.3\j2objc-annotations-1.3.jar;C:\Users\fenor\.m2\repository\io\opencensus\opencensus-api\0.24.0\opencensus-api-0.24.0.jar;C:\Users\fenor\.m2\repository\io\opencensus\opencensus-contrib-http-util\0.24.0\opencensus-contrib-http-util-0.24.0.jar;C:\Users\fenor\.m2\repository\com\google\api\api-common\1.9.2\api-common-1.9.2.jar;C:\Users\fenor\.m2\repository\javax\annotation\javax.annotation-api\1.3.2\javax.annotation-api-1.3.2.jar;C:\Users\fenor\.m2\repository\com\google\auto\value\auto-value-annotations\1.7.2\auto-value-annotations-1.7.2.jar;C:\Users\fenor\.m2\repository\com\google\auth\google-auth-library-oauth2-http\0.20.0\google-auth-library-oauth2-http-0.20.0.jar;C:\Users\fenor\.m2\repository\com\google\auth\google-auth-library-credentials\0.20.0\google-auth-library-credentials-0.20.0.jar;C:\Users\fenor\.m2\repository\com\google\cloud\google-cloud-storage\1.110.0\google-cloud-storage-1.110.0.jar;C:\Users\fenor\.m2\repository\com\google\guava\failureaccess\1.0.1\failureaccess-1.0.1.jar;C:\Users\fenor\.m2\repository\com\google\guava\listenablefuture\9999.0-empty-to-avoid-conflict-with-guava\listenablefuture-9999.0-empty-to-avoid-conflict-with-guava.jar;C:\Users\fenor\.m2\repository\org\checkerframework\checker-compat-qual\2.5.5\checker-compat-qual-2.5.5.jar;C:\Users\fenor\.m2\repository\com\google\errorprone\error_prone_annotations\2.3.4\error_prone_annotations-2.3.4.jar;C:\Users\fenor\.m2\repository\com\google\apis\google-api-services-storage\v1-rev20200430-1.30.9\google-api-services-storage-v1-rev20200430-1.30.9.jar;C:\Users\fenor\.m2\repository\com\google\code\gson\gson\2.10.1\gson-2.10.1.jar;C:\Users\fenor\.m2\repository\com\google\cloud\google-cloud-core\1.93.6\google-cloud-core-1.93.6.jar;C:\Users\fenor\.m2\repository\com\google\api\grpc\proto-google-common-protos\1.18.0\proto-google-common-protos-1.18.0.jar;C:\Users\fenor\.m2\repository\com\google\cloud\google-cloud-core-http\1.93.6\google-cloud-core-http-1.93.6.jar;C:\Users\fenor\.m2\repository\com\google\http-client\google-http-client-appengine\1.35.0\google-http-client-appengine-1.35.0.jar;C:\Users\fenor\.m2\repository\com\google\api\gax-httpjson\0.74.0\gax-httpjson-0.74.0.jar;C:\Users\fenor\.m2\repository\com\google\api\gax\1.57.0\gax-1.57.0.jar;C:\Users\fenor\.m2\repository\io\grpc\grpc-context\1.30.0\grpc-context-1.30.0.jar;C:\Users\fenor\.m2\repository\com\google\api\grpc\proto-google-iam-v1\0.13.0\proto-google-iam-v1-0.13.0.jar;C:\Users\fenor\.m2\repository\com\google\protobuf\protobuf-java\3.12.2\protobuf-java-3.12.2.jar;C:\Users\fenor\.m2\repository\com\google\protobuf\protobuf-java-util\3.12.2\protobuf-java-util-3.12.2.jar;C:\Users\fenor\.m2\repository\org\threeten\threetenbp\1.4.4\threetenbp-1.4.4.jar;C:\Users\fenor\.m2\repository\com\google\cloud\google-cloud-firestore\1.35.0\google-cloud-firestore-1.35.0.jar;C:\Users\fenor\.m2\repository\com\google\cloud\google-cloud-core-grpc\1.93.6\google-cloud-core-grpc-1.93.6.jar;C:\Users\fenor\.m2\repository\io\grpc\grpc-core\1.30.0\grpc-core-1.30.0.jar;C:\Users\fenor\.m2\repository\com\google\android\annotations\4.1.1.4\annotations-4.1.1.4.jar;C:\Users\fenor\.m2\repository\io\perfmark\perfmark-api\0.19.0\perfmark-api-0.19.0.jar;C:\Users\fenor\.m2\repository\commons-logging\commons-logging\1.2\commons-logging-1.2.jar;C:\Users\fenor\.m2\repository\commons-codec\commons-codec\1.16.0\commons-codec-1.16.0.jar;C:\Users\fenor\.m2\repository\com\google\api\grpc\proto-google-cloud-firestore-admin-v1\1.35.0\proto-google-cloud-firestore-admin-v1-1.35.0.jar;C:\Users\fenor\.m2\repository\com\google\api\grpc\proto-google-cloud-firestore-v1\1.35.0\proto-google-cloud-firestore-v1-1.35.0.jar;C:\Users\fenor\.m2\repository\com\google\api\grpc\proto-google-cloud-firestore-v1beta1\0.88.0\proto-google-cloud-firestore-v1beta1-0.88.0.jar;C:\Users\fenor\.m2\repository\io\opencensus\opencensus-contrib-grpc-util\0.24.0\opencensus-contrib-grpc-util-0.24.0.jar;C:\Users\fenor\.m2\repository\io\grpc\grpc-protobuf\1.30.0\grpc-protobuf-1.30.0.jar;C:\Users\fenor\.m2\repository\io\grpc\grpc-protobuf-lite\1.30.0\grpc-protobuf-lite-1.30.0.jar;C:\Users\fenor\.m2\repository\org\codehaus\mojo\animal-sniffer-annotations\1.18\animal-sniffer-annotations-1.18.jar;C:\Users\fenor\.m2\repository\io\grpc\grpc-api\1.30.0\grpc-api-1.30.0.jar;C:\Users\fenor\.m2\repository\com\google\api\gax-grpc\1.57.0\gax-grpc-1.57.0.jar;C:\Users\fenor\.m2\repository\io\grpc\grpc-auth\1.30.0\grpc-auth-1.30.0.jar;C:\Users\fenor\.m2\repository\io\grpc\grpc-netty-shaded\1.30.0\grpc-netty-shaded-1.30.0.jar;C:\Users\fenor\.m2\repository\io\grpc\grpc-alts\1.30.0\grpc-alts-1.30.0.jar;C:\Users\fenor\.m2\repository\io\grpc\grpc-grpclb\1.30.0\grpc-grpclb-1.30.0.jar;C:\Users\fenor\.m2\repository\org\apache\commons\commons-lang3\3.13.0\commons-lang3-3.13.0.jar;C:\Users\fenor\.m2\repository\org\conscrypt\conscrypt-openjdk-uber\2.2.1\conscrypt-openjdk-uber-2.2.1.jar;C:\Users\fenor\.m2\repository\io\grpc\grpc-stub\1.30.0\grpc-stub-1.30.0.jar;C:\Users\fenor\.m2\repository\com\google\guava\guava\29.0-android\guava-29.0-android.jar;C:\Users\fenor\.m2\repository\org\slf4j\slf4j-api\2.0.9\slf4j-api-2.0.9.jar;C:\Users\fenor\.m2\repository\io\netty\netty-codec-http\4.1.104.Final\netty-codec-http-4.1.104.Final.jar;C:\Users\fenor\.m2\repository\io\netty\netty-common\4.1.104.Final\netty-common-4.1.104.Final.jar;C:\Users\fenor\.m2\repository\io\netty\netty-buffer\4.1.104.Final\netty-buffer-4.1.104.Final.jar;C:\Users\fenor\.m2\repository\io\netty\netty-codec\4.1.104.Final\netty-codec-4.1.104.Final.jar;C:\Users\fenor\.m2\repository\io\netty\netty-handler\4.1.104.Final\netty-handler-4.1.104.Final.jar;C:\Users\fenor\.m2\repository\io\netty\netty-resolver\4.1.104.Final\netty-resolver-4.1.104.Final.jar;C:\Users\fenor\.m2\repository\io\netty\netty-transport-native-unix-common\4.1.104.Final\netty-transport-native-unix-common-4.1.104.Final.jar;C:\Users\fenor\.m2\repository\io\netty\netty-transport\4.1.104.Final\netty-transport-4.1.104.Final.jar;"/>
    <property name="java.vm.vendor" value="Oracle Corporation"/>
    <property name="sun.arch.data.model" value="64"/>
    <property name="user.variant" value=""/>
    <property name="java.vendor.url" value="https://java.oracle.com/"/>
    <property name="user.timezone" value="Indian/Antananarivo"/>
    <property name="org.jboss.logging.provider" value="slf4j"/>
    <property name="user.country.format" value="MG"/>
    <property name="os.name" value="Windows 11"/>
    <property name="java.vm.specification.version" value="19"/>
    <property name="sun.java.launcher" value="SUN_STANDARD"/>
    <property name="user.country" value="US"/>
    <property name="sun.boot.library.path" value="C:\Program Files\Java\jdk-19\bin"/>
    <property name="sun.java.command" value="C:\Users\fenor\AppData\Local\Temp\surefire14677031437432463038\surefirebooter-20240209215149990_3.jar C:\Users\fenor\AppData\Local\Temp\surefire14677031437432463038 2024-02-09T21-51-49_843-jvmRun1 surefire-20240209215149990_1tmp surefire_0-20240209215149990_2tmp"/>
    <property name="jdk.debug" value="release"/>
    <property name="surefire.test.class.path" value="D:\techno_dev\Project_cloud_S5_backend\target\test-classes;D:\techno_dev\Project_cloud_S5_backend\target\classes;C:\Users\fenor\.m2\repository\org\springframework\boot\spring-boot-starter-web\3.2.1\spring-boot-starter-web-3.2.1.jar;C:\Users\fenor\.m2\repository\org\springframework\boot\spring-boot-starter\3.2.1\spring-boot-starter-3.2.1.jar;C:\Users\fenor\.m2\repository\org\springframework\boot\spring-boot\3.2.1\spring-boot-3.2.1.jar;C:\Users\fenor\.m2\repository\org\springframework\boot\spring-boot-autoconfigure\3.2.1\spring-boot-autoconfigure-3.2.1.jar;C:\Users\fenor\.m2\repository\org\springframework\boot\spring-boot-starter-logging\3.2.1\spring-boot-starter-logging-3.2.1.jar;C:\Users\fenor\.m2\repository\ch\qos\logback\logback-classic\1.4.14\logback-classic-1.4.14.jar;C:\Users\fenor\.m2\repository\ch\qos\logback\logback-core\1.4.14\logback-core-1.4.14.jar;C:\Users\fenor\.m2\repository\org\apache\logging\log4j\log4j-to-slf4j\2.21.1\log4j-to-slf4j-2.21.1.jar;C:\Users\fenor\.m2\repository\org\apache\logging\log4j\log4j-api\2.21.1\log4j-api-2.21.1.jar;C:\Users\fenor\.m2\repository\org\slf4j\jul-to-slf4j\2.0.9\jul-to-slf4j-2.0.9.jar;C:\Users\fenor\.m2\repository\jakarta\annotation\jakarta.annotation-api\2.1.1\jakarta.annotation-api-2.1.1.jar;C:\Users\fenor\.m2\repository\org\yaml\snakeyaml\2.2\snakeyaml-2.2.jar;C:\Users\fenor\.m2\repository\org\springframework\boot\spring-boot-starter-json\3.2.1\spring-boot-starter-json-3.2.1.jar;C:\Users\fenor\.m2\repository\com\fasterxml\jackson\datatype\jackson-datatype-jdk8\2.15.3\jackson-datatype-jdk8-2.15.3.jar;C:\Users\fenor\.m2\repository\com\fasterxml\jackson\datatype\jackson-datatype-jsr310\2.15.3\jackson-datatype-jsr310-2.15.3.jar;C:\Users\fenor\.m2\repository\com\fasterxml\jackson\module\jackson-module-parameter-names\2.15.3\jackson-module-parameter-names-2.15.3.jar;C:\Users\fenor\.m2\repository\org\springframework\boot\spring-boot-starter-tomcat\3.2.1\spring-boot-starter-tomcat-3.2.1.jar;C:\Users\fenor\.m2\repository\org\apache\tomcat\embed\tomcat-embed-core\10.1.17\tomcat-embed-core-10.1.17.jar;C:\Users\fenor\.m2\repository\org\apache\tomcat\embed\tomcat-embed-el\10.1.17\tomcat-embed-el-10.1.17.jar;C:\Users\fenor\.m2\repository\org\apache\tomcat\embed\tomcat-embed-websocket\10.1.17\tomcat-embed-websocket-10.1.17.jar;C:\Users\fenor\.m2\repository\org\springframework\spring-web\6.1.2\spring-web-6.1.2.jar;C:\Users\fenor\.m2\repository\org\springframework\spring-beans\6.1.2\spring-beans-6.1.2.jar;C:\Users\fenor\.m2\repository\io\micrometer\micrometer-observation\1.12.1\micrometer-observation-1.12.1.jar;C:\Users\fenor\.m2\repository\io\micrometer\micrometer-commons\1.12.1\micrometer-commons-1.12.1.jar;C:\Users\fenor\.m2\repository\org\springframework\spring-webmvc\6.1.2\spring-webmvc-6.1.2.jar;C:\Users\fenor\.m2\repository\org\springframework\spring-aop\6.1.2\spring-aop-6.1.2.jar;C:\Users\fenor\.m2\repository\org\springframework\spring-context\6.1.2\spring-context-6.1.2.jar;C:\Users\fenor\.m2\repository\org\springframework\spring-expression\6.1.2\spring-expression-6.1.2.jar;C:\Users\fenor\.m2\repository\io\jsonwebtoken\jjwt\0.9.1\jjwt-0.9.1.jar;C:\Users\fenor\.m2\repository\com\fasterxml\jackson\core\jackson-databind\2.15.3\jackson-databind-2.15.3.jar;C:\Users\fenor\.m2\repository\com\fasterxml\jackson\core\jackson-annotations\2.15.3\jackson-annotations-2.15.3.jar;C:\Users\fenor\.m2\repository\com\fasterxml\jackson\core\jackson-core\2.15.3\jackson-core-2.15.3.jar;C:\Users\fenor\.m2\repository\javax\xml\bind\jaxb-api\2.3.1\jaxb-api-2.3.1.jar;C:\Users\fenor\.m2\repository\javax\activation\javax.activation-api\1.2.0\javax.activation-api-1.2.0.jar;C:\Users\fenor\.m2\repository\org\postgresql\postgresql\42.6.0\postgresql-42.6.0.jar;C:\Users\fenor\.m2\repository\org\checkerframework\checker-qual\3.31.0\checker-qual-3.31.0.jar;C:\Users\fenor\.m2\repository\org\springframework\boot\spring-boot-starter-data-mongodb\3.2.1\spring-boot-starter-data-mongodb-3.2.1.jar;C:\Users\fenor\.m2\repository\org\mongodb\mongodb-driver-sync\4.11.1\mongodb-driver-sync-4.11.1.jar;C:\Users\fenor\.m2\repository\org\mongodb\bson\4.11.1\bson-4.11.1.jar;C:\Users\fenor\.m2\repository\org\mongodb\mongodb-driver-core\4.11.1\mongodb-driver-core-4.11.1.jar;C:\Users\fenor\.m2\repository\org\mongodb\bson-record-codec\4.11.1\bson-record-codec-4.11.1.jar;C:\Users\fenor\.m2\repository\org\springframework\data\spring-data-mongodb\4.2.1\spring-data-mongodb-4.2.1.jar;C:\Users\fenor\.m2\repository\org\springframework\spring-tx\6.1.2\spring-tx-6.1.2.jar;C:\Users\fenor\.m2\repository\org\springframework\data\spring-data-commons\3.2.1\spring-data-commons-3.2.1.jar;C:\Users\fenor\.m2\repository\org\springframework\boot\spring-boot-starter-data-jpa\3.2.1\spring-boot-starter-data-jpa-3.2.1.jar;C:\Users\fenor\.m2\repository\org\springframework\boot\spring-boot-starter-aop\3.2.1\spring-boot-starter-aop-3.2.1.jar;C:\Users\fenor\.m2\repository\org\aspectj\aspectjweaver\1.9.21\aspectjweaver-1.9.21.jar;C:\Users\fenor\.m2\repository\org\hibernate\orm\hibernate-core\6.4.1.Final\hibernate-core-6.4.1.Final.jar;C:\Users\fenor\.m2\repository\jakarta\persistence\jakarta.persistence-api\3.1.0\jakarta.persistence-api-3.1.0.jar;C:\Users\fenor\.m2\repository\jakarta\transaction\jakarta.transaction-api\2.0.1\jakarta.transaction-api-2.0.1.jar;C:\Users\fenor\.m2\repository\org\jboss\logging\jboss-logging\3.5.3.Final\jboss-logging-3.5.3.Final.jar;C:\Users\fenor\.m2\repository\org\hibernate\common\hibernate-commons-annotations\6.0.6.Final\hibernate-commons-annotations-6.0.6.Final.jar;C:\Users\fenor\.m2\repository\io\smallrye\jandex\3.1.2\jandex-3.1.2.jar;C:\Users\fenor\.m2\repository\com\fasterxml\classmate\1.6.0\classmate-1.6.0.jar;C:\Users\fenor\.m2\repository\net\bytebuddy\byte-buddy\1.14.10\byte-buddy-1.14.10.jar;C:\Users\fenor\.m2\repository\org\glassfish\jaxb\jaxb-runtime\4.0.4\jaxb-runtime-4.0.4.jar;C:\Users\fenor\.m2\repository\org\glassfish\jaxb\jaxb-core\4.0.4\jaxb-core-4.0.4.jar;C:\Users\fenor\.m2\repository\org\eclipse\angus\angus-activation\2.0.1\angus-activation-2.0.1.jar;C:\Users\fenor\.m2\repository\org\glassfish\jaxb\txw2\4.0.4\txw2-4.0.4.jar;C:\Users\fenor\.m2\repository\com\sun\istack\istack-commons-runtime\4.1.2\istack-commons-runtime-4.1.2.jar;C:\Users\fenor\.m2\repository\jakarta\inject\jakarta.inject-api\2.0.1\jakarta.inject-api-2.0.1.jar;C:\Users\fenor\.m2\repository\org\antlr\antlr4-runtime\4.13.0\antlr4-runtime-4.13.0.jar;C:\Users\fenor\.m2\repository\org\springframework\data\spring-data-jpa\3.2.1\spring-data-jpa-3.2.1.jar;C:\Users\fenor\.m2\repository\org\springframework\spring-orm\6.1.2\spring-orm-6.1.2.jar;C:\Users\fenor\.m2\repository\org\springframework\spring-aspects\6.1.2\spring-aspects-6.1.2.jar;C:\Users\fenor\.m2\repository\org\springframework\boot\spring-boot-starter-jdbc\3.2.1\spring-boot-starter-jdbc-3.2.1.jar;C:\Users\fenor\.m2\repository\com\zaxxer\HikariCP\5.0.1\HikariCP-5.0.1.jar;C:\Users\fenor\.m2\repository\org\springframework\spring-jdbc\6.1.2\spring-jdbc-6.1.2.jar;C:\Users\fenor\.m2\repository\org\springframework\boot\spring-boot-starter-test\3.2.1\spring-boot-starter-test-3.2.1.jar;C:\Users\fenor\.m2\repository\org\springframework\boot\spring-boot-test\3.2.1\spring-boot-test-3.2.1.jar;C:\Users\fenor\.m2\repository\org\springframework\boot\spring-boot-test-autoconfigure\3.2.1\spring-boot-test-autoconfigure-3.2.1.jar;C:\Users\fenor\.m2\repository\com\jayway\jsonpath\json-path\2.8.0\json-path-2.8.0.jar;C:\Users\fenor\.m2\repository\jakarta\xml\bind\jakarta.xml.bind-api\4.0.1\jakarta.xml.bind-api-4.0.1.jar;C:\Users\fenor\.m2\repository\jakarta\activation\jakarta.activation-api\2.1.2\jakarta.activation-api-2.1.2.jar;C:\Users\fenor\.m2\repository\net\minidev\json-smart\2.5.0\json-smart-2.5.0.jar;C:\Users\fenor\.m2\repository\net\minidev\accessors-smart\2.5.0\accessors-smart-2.5.0.jar;C:\Users\fenor\.m2\repository\org\ow2\asm\asm\9.3\asm-9.3.jar;C:\Users\fenor\.m2\repository\org\assertj\assertj-core\3.24.2\assertj-core-3.24.2.jar;C:\Users\fenor\.m2\repository\org\awaitility\awaitility\4.2.0\awaitility-4.2.0.jar;C:\Users\fenor\.m2\repository\org\hamcrest\hamcrest\2.2\hamcrest-2.2.jar;C:\Users\fenor\.m2\repository\org\junit\jupiter\junit-jupiter\5.10.1\junit-jupiter-5.10.1.jar;C:\Users\fenor\.m2\repository\org\junit\jupiter\junit-jupiter-api\5.10.1\junit-jupiter-api-5.10.1.jar;C:\Users\fenor\.m2\repository\org\opentest4j\opentest4j\1.3.0\opentest4j-1.3.0.jar;C:\Users\fenor\.m2\repository\org\junit\platform\junit-platform-commons\1.10.1\junit-platform-commons-1.10.1.jar;C:\Users\fenor\.m2\repository\org\apiguardian\apiguardian-api\1.1.2\apiguardian-api-1.1.2.jar;C:\Users\fenor\.m2\repository\org\junit\jupiter\junit-jupiter-params\5.10.1\junit-jupiter-params-5.10.1.jar;C:\Users\fenor\.m2\repository\org\junit\jupiter\junit-jupiter-engine\5.10.1\junit-jupiter-engine-5.10.1.jar;C:\Users\fenor\.m2\repository\org\junit\platform\junit-platform-engine\1.10.1\junit-platform-engine-1.10.1.jar;C:\Users\fenor\.m2\repository\org\mockito\mockito-core\5.7.0\mockito-core-5.7.0.jar;C:\Users\fenor\.m2\repository\net\bytebuddy\byte-buddy-agent\1.14.10\byte-buddy-agent-1.14.10.jar;C:\Users\fenor\.m2\repository\org\objenesis\objenesis\3.3\objenesis-3.3.jar;C:\Users\fenor\.m2\repository\org\mockito\mockito-junit-jupiter\5.7.0\mockito-junit-jupiter-5.7.0.jar;C:\Users\fenor\.m2\repository\org\skyscreamer\jsonassert\1.5.1\jsonassert-1.5.1.jar;C:\Users\fenor\.m2\repository\com\vaadin\external\google\android-json\0.0.20131108.vaadin1\android-json-0.0.20131108.vaadin1.jar;C:\Users\fenor\.m2\repository\org\springframework\spring-core\6.1.2\spring-core-6.1.2.jar;C:\Users\fenor\.m2\repository\org\springframework\spring-jcl\6.1.2\spring-jcl-6.1.2.jar;C:\Users\fenor\.m2\repository\org\springframework\spring-test\6.1.2\spring-test-6.1.2.jar;C:\Users\fenor\.m2\repository\org\xmlunit\xmlunit-core\2.9.1\xmlunit-core-2.9.1.jar;C:\Users\fenor\.m2\repository\com\google\firebase\firebase-admin\7.1.0\firebase-admin-7.1.0.jar;C:\Users\fenor\.m2\repository\com\google\api-client\google-api-client\1.30.10\google-api-client-1.30.10.jar;C:\Users\fenor\.m2\repository\com\google\oauth-client\google-oauth-client\1.31.0\google-oauth-client-1.31.0.jar;C:\Users\fenor\.m2\repository\com\google\http-client\google-http-client-jackson2\1.36.0\google-http-client-jackson2-1.36.0.jar;C:\Users\fenor\.m2\repository\com\google\api-client\google-api-client-gson\1.30.10\google-api-client-gson-1.30.10.jar;C:\Users\fenor\.m2\repository\com\google\http-client\google-http-client-gson\1.36.0\google-http-client-gson-1.36.0.jar;C:\Users\fenor\.m2\repository\com\google\http-client\google-http-client\1.35.0\google-http-client-1.35.0.jar;C:\Users\fenor\.m2\repository\org\apache\httpcomponents\httpclient\4.5.12\httpclient-4.5.12.jar;C:\Users\fenor\.m2\repository\org\apache\httpcomponents\httpcore\4.4.16\httpcore-4.4.16.jar;C:\Users\fenor\.m2\repository\com\google\code\findbugs\jsr305\3.0.2\jsr305-3.0.2.jar;C:\Users\fenor\.m2\repository\com\google\j2objc\j2objc-annotations\1.3\j2objc-annotations-1.3.jar;C:\Users\fenor\.m2\repository\io\opencensus\opencensus-api\0.24.0\opencensus-api-0.24.0.jar;C:\Users\fenor\.m2\repository\io\opencensus\opencensus-contrib-http-util\0.24.0\opencensus-contrib-http-util-0.24.0.jar;C:\Users\fenor\.m2\repository\com\google\api\api-common\1.9.2\api-common-1.9.2.jar;C:\Users\fenor\.m2\repository\javax\annotation\javax.annotation-api\1.3.2\javax.annotation-api-1.3.2.jar;C:\Users\fenor\.m2\repository\com\google\auto\value\auto-value-annotations\1.7.2\auto-value-annotations-1.7.2.jar;C:\Users\fenor\.m2\repository\com\google\auth\google-auth-library-oauth2-http\0.20.0\google-auth-library-oauth2-http-0.20.0.jar;C:\Users\fenor\.m2\repository\com\google\auth\google-auth-library-credentials\0.20.0\google-auth-library-credentials-0.20.0.jar;C:\Users\fenor\.m2\repository\com\google\cloud\google-cloud-storage\1.110.0\google-cloud-storage-1.110.0.jar;C:\Users\fenor\.m2\repository\com\google\guava\failureaccess\1.0.1\failureaccess-1.0.1.jar;C:\Users\fenor\.m2\repository\com\google\guava\listenablefuture\9999.0-empty-to-avoid-conflict-with-guava\listenablefuture-9999.0-empty-to-avoid-conflict-with-guava.jar;C:\Users\fenor\.m2\repository\org\checkerframework\checker-compat-qual\2.5.5\checker-compat-qual-2.5.5.jar;C:\Users\fenor\.m2\repository\com\google\errorprone\error_prone_annotations\2.3.4\error_prone_annotations-2.3.4.jar;C:\Users\fenor\.m2\repository\com\google\apis\google-api-services-storage\v1-rev20200430-1.30.9\google-api-services-storage-v1-rev20200430-1.30.9.jar;C:\Users\fenor\.m2\repository\com\google\code\gson\gson\2.10.1\gson-2.10.1.jar;C:\Users\fenor\.m2\repository\com\google\cloud\google-cloud-core\1.93.6\google-cloud-core-1.93.6.jar;C:\Users\fenor\.m2\repository\com\google\api\grpc\proto-google-common-protos\1.18.0\proto-google-common-protos-1.18.0.jar;C:\Users\fenor\.m2\repository\com\google\cloud\google-cloud-core-http\1.93.6\google-cloud-core-http-1.93.6.jar;C:\Users\fenor\.m2\repository\com\google\http-client\google-http-client-appengine\1.35.0\google-http-client-appengine-1.35.0.jar;C:\Users\fenor\.m2\repository\com\google\api\gax-httpjson\0.74.0\gax-httpjson-0.74.0.jar;C:\Users\fenor\.m2\repository\com\google\api\gax\1.57.0\gax-1.57.0.jar;C:\Users\fenor\.m2\repository\io\grpc\grpc-context\1.30.0\grpc-context-1.30.0.jar;C:\Users\fenor\.m2\repository\com\google\api\grpc\proto-google-iam-v1\0.13.0\proto-google-iam-v1-0.13.0.jar;C:\Users\fenor\.m2\repository\com\google\protobuf\protobuf-java\3.12.2\protobuf-java-3.12.2.jar;C:\Users\fenor\.m2\repository\com\google\protobuf\protobuf-java-util\3.12.2\protobuf-java-util-3.12.2.jar;C:\Users\fenor\.m2\repository\org\threeten\threetenbp\1.4.4\threetenbp-1.4.4.jar;C:\Users\fenor\.m2\repository\com\google\cloud\google-cloud-firestore\1.35.0\google-cloud-firestore-1.35.0.jar;C:\Users\fenor\.m2\repository\com\google\cloud\google-cloud-core-grpc\1.93.6\google-cloud-core-grpc-1.93.6.jar;C:\Users\fenor\.m2\repository\io\grpc\grpc-core\1.30.0\grpc-core-1.30.0.jar;C:\Users\fenor\.m2\repository\com\google\android\annotations\4.1.1.4\annotations-4.1.1.4.jar;C:\Users\fenor\.m2\repository\io\perfmark\perfmark-api\0.19.0\perfmark-api-0.19.0.jar;C:\Users\fenor\.m2\repository\commons-logging\commons-logging\1.2\commons-logging-1.2.jar;C:\Users\fenor\.m2\repository\commons-codec\commons-codec\1.16.0\commons-codec-1.16.0.jar;C:\Users\fenor\.m2\repository\com\google\api\grpc\proto-google-cloud-firestore-admin-v1\1.35.0\proto-google-cloud-firestore-admin-v1-1.35.0.jar;C:\Users\fenor\.m2\repository\com\google\api\grpc\proto-google-cloud-firestore-v1\1.35.0\proto-google-cloud-firestore-v1-1.35.0.jar;C:\Users\fenor\.m2\repository\com\google\api\grpc\proto-google-cloud-firestore-v1beta1\0.88.0\proto-google-cloud-firestore-v1beta1-0.88.0.jar;C:\Users\fenor\.m2\repository\io\opencensus\opencensus-contrib-grpc-util\0.24.0\opencensus-contrib-grpc-util-0.24.0.jar;C:\Users\fenor\.m2\repository\io\grpc\grpc-protobuf\1.30.0\grpc-protobuf-1.30.0.jar;C:\Users\fenor\.m2\repository\io\grpc\grpc-protobuf-lite\1.30.0\grpc-protobuf-lite-1.30.0.jar;C:\Users\fenor\.m2\repository\org\codehaus\mojo\animal-sniffer-annotations\1.18\animal-sniffer-annotations-1.18.jar;C:\Users\fenor\.m2\repository\io\grpc\grpc-api\1.30.0\grpc-api-1.30.0.jar;C:\Users\fenor\.m2\repository\com\google\api\gax-grpc\1.57.0\gax-grpc-1.57.0.jar;C:\Users\fenor\.m2\repository\io\grpc\grpc-auth\1.30.0\grpc-auth-1.30.0.jar;C:\Users\fenor\.m2\repository\io\grpc\grpc-netty-shaded\1.30.0\grpc-netty-shaded-1.30.0.jar;C:\Users\fenor\.m2\repository\io\grpc\grpc-alts\1.30.0\grpc-alts-1.30.0.jar;C:\Users\fenor\.m2\repository\io\grpc\grpc-grpclb\1.30.0\grpc-grpclb-1.30.0.jar;C:\Users\fenor\.m2\repository\org\apache\commons\commons-lang3\3.13.0\commons-lang3-3.13.0.jar;C:\Users\fenor\.m2\repository\org\conscrypt\conscrypt-openjdk-uber\2.2.1\conscrypt-openjdk-uber-2.2.1.jar;C:\Users\fenor\.m2\repository\io\grpc\grpc-stub\1.30.0\grpc-stub-1.30.0.jar;C:\Users\fenor\.m2\repository\com\google\guava\guava\29.0-android\guava-29.0-android.jar;C:\Users\fenor\.m2\repository\org\slf4j\slf4j-api\2.0.9\slf4j-api-2.0.9.jar;C:\Users\fenor\.m2\repository\io\netty\netty-codec-http\4.1.104.Final\netty-codec-http-4.1.104.Final.jar;C:\Users\fenor\.m2\repository\io\netty\netty-common\4.1.104.Final\netty-common-4.1.104.Final.jar;C:\Users\fenor\.m2\repository\io\netty\netty-buffer\4.1.104.Final\netty-buffer-4.1.104.Final.jar;C:\Users\fenor\.m2\repository\io\netty\netty-codec\4.1.104.Final\netty-codec-4.1.104.Final.jar;C:\Users\fenor\.m2\repository\io\netty\netty-handler\4.1.104.Final\netty-handler-4.1.104.Final.jar;C:\Users\fenor\.m2\repository\io\netty\netty-resolver\4.1.104.Final\netty-resolver-4.1.104.Final.jar;C:\Users\fenor\.m2\repository\io\netty\netty-transport-native-unix-common\4.1.104.Final\netty-transport-native-unix-common-4.1.104.Final.jar;C:\Users\fenor\.m2\repository\io\netty\netty-transport\4.1.104.Final\netty-transport-4.1.104.Final.jar;"/>
    <property name="sun.cpu.endian" value="little"/>
    <property name="user.home" value="C:\Users\fenor"/>
    <property name="user.language" value="en"/>
    <property name="java.specification.vendor" value="Oracle Corporation"/>
    <property name="java.version.date" value="2023-01-17"/>
    <property name="java.home" value="C:\Program Files\Java\jdk-19"/>
    <property name="file.separator" value="\"/>
    <property name="basedir" value="D:\techno_dev\Project_cloud_S5_backend"/>
    <property name="java.vm.compressedOopsMode" value="Zero based"/>
    <property name="line.separator" value="&#10;"/>
    <property name="java.vm.specification.vendor" value="Oracle Corporation"/>
    <property name="java.specification.name" value="Java Platform API Specification"/>
    <property name="FILE_LOG_CHARSET" value="UTF-8"/>
    <property name="java.awt.headless" value="true"/>
    <property name="surefire.real.class.path" value="C:\Users\fenor\AppData\Local\Temp\surefire14677031437432463038\surefirebooter-20240209215149990_3.jar"/>
    <property name="user.script" value=""/>
    <property name="sun.management.compiler" value="HotSpot 64-Bit Tiered Compilers"/>
    <property name="java.runtime.version" value="19.0.2+7-44"/>
    <property name="user.name" value="fenor"/>
    <property name="stdout.encoding" value="Cp1252"/>
    <property name="path.separator" value=";"/>
    <property name="os.version" value="10.0"/>
    <property name="java.runtime.name" value="Java(TM) SE Runtime Environment"/>
    <property name="file.encoding" value="UTF-8"/>
    <property name="java.vm.name" value="Java HotSpot(TM) 64-Bit Server VM"/>
    <property name="localRepository" value="C:\Users\fenor\.m2\repository"/>
    <property name="java.vendor.url.bug" value="https://bugreport.java.com/bugreport/"/>
    <property name="java.io.tmpdir" value="C:\Users\fenor\AppData\Local\Temp\"/>
    <property name="com.zaxxer.hikari.pool_number" value="1"/>
    <property name="java.version" value="19.0.2"/>
    <property name="user.dir" value="D:\techno_dev\Project_cloud_S5_backend"/>
    <property name="os.arch" value="amd64"/>
    <property name="java.vm.specification.name" value="Java Virtual Machine Specification"/>
    <property name="PID" value="18972"/>
    <property name="sun.os.patch.level" value=""/>
    <property name="CONSOLE_LOG_CHARSET" value="UTF-8"/>
    <property name="native.encoding" value="Cp1252"/>
    <property name="java.library.path" value="C:\Program Files\Java\jdk-19\bin;C:\Windows\Sun\Java\bin;C:\Windows\system32;C:\Windows;C:\Program Files (x86)\Common Files\Intel\Shared Libraries\redist\intel64\compiler;C:\Program Files\Common Files\Oracle\Java\javapath;C:\Windows\system32;C:\Windows;C:\Windows\System32\Wbem;C:\Windows\System32\WindowsPowerShell\v1.0\;C:\Windows\System32\OpenSSH\;C:\Program Files\dotnet\;C:\Program Files (x86)\NVIDIA Corporation\PhysX\Common;C:\Program Files\NVIDIA Corporation\NVIDIA NvDLISR;C:\Program Files\Git\cmd;C:\Program Files\Java\jdk-19\bin;D:\techno_dev\apache-tomcat-9.0.85\bin;D:\techno_dev\apache-maven-3.8.8-bin\apache-maven-3.8.8\bin;D:\techno_dev\mongodb-win32-x86_64-windows-5.0.23\bin;%NVM_HOME%;%NVM_SYMLINK%;C:\Users\fenor\AppData\Local\Microsoft\WindowsApps;C:\Users\fenor\AppData\Local\Programs\Microsoft VS Code\bin;C:\Users\fenor\AppData\Local\GitHubDesktop\bin;C:\Users\fenor\AppData\Roaming\npm;D:\techno_dev\nvm;C:\Program Files\nodejs;."/>
    <property name="java.vm.info" value="mixed mode, sharing"/>
    <property name="stderr.encoding" value="Cp1252"/>
    <property name="java.vendor" value="Oracle Corporation"/>
    <property name="java.vm.version" value="19.0.2+7-44"/>
    <property name="sun.io.unicode.encoding" value="UnicodeLittle"/>
    <property name="java.class.version" value="63.0"/>
  </properties>
  <testcase name="contextLoads" classname="com.project_cloud_s5.hallo.HalloApplicationTests" time="0.634">
    <system-out><![CDATA[21:51:50.942 [main] INFO org.springframework.test.context.support.AnnotationConfigContextLoaderUtils -- Could not detect default configuration classes for test class [com.project_cloud_s5.hallo.HalloApplicationTests]: HalloApplicationTests does not declare any static, non-private, non-final, nested classes annotated with @Configuration.
21:51:51.049 [main] INFO org.springframework.boot.test.context.SpringBootTestContextBootstrapper -- Found @SpringBootConfiguration com.project_cloud_s5.hallo.HalloApplication for test class com.project_cloud_s5.hallo.HalloApplicationTests

  .   ____          _            __ _ _
 /\\ / ___'_ __ _ _(_)_ __  __ _ \ \ \ \
( ( )\___ | '_ | '_| | '_ \/ _` | \ \ \ \
 \\/  ___)| |_)| | | | | || (_| |  ) ) ) )
  '  |____| .__|_| |_|_| |_\__, | / / / /
 =========|_|==============|___/=/_/_/_/
 :: Spring Boot ::                (v3.2.1)

2024-02-09T21:51:51.487+03:00  INFO 18972 --- [           main] c.p.hallo.HalloApplicationTests          : Starting HalloApplicationTests using Java 19.0.2 with PID 18972 (started by fenor in D:\techno_dev\Project_cloud_S5_backend)
2024-02-09T21:51:51.488+03:00  INFO 18972 --- [           main] c.p.hallo.HalloApplicationTests          : No active profile set, falling back to 1 default profile: "default"
2024-02-09T21:51:52.215+03:00  INFO 18972 --- [           main] .s.d.r.c.RepositoryConfigurationDelegate : Multiple Spring Data modules found, entering strict repository configuration mode
2024-02-09T21:51:52.217+03:00  INFO 18972 --- [           main] .s.d.r.c.RepositoryConfigurationDelegate : Bootstrapping Spring Data JPA repositories in DEFAULT mode.
2024-02-09T21:51:52.257+03:00  INFO 18972 --- [           main] .RepositoryConfigurationExtensionSupport : Spring Data JPA - Could not safely identify store assignment for repository candidate interface com.project_cloud_s5.hallo.repository.MessagerieRepository; If you want this repository to be a JPA repository, consider annotating your entities with one of these annotations: jakarta.persistence.Entity, jakarta.persistence.MappedSuperclass (preferred), or consider extending one of the following types with your repository: org.springframework.data.jpa.repository.JpaRepository
2024-02-09T21:51:52.258+03:00  INFO 18972 --- [           main] .s.d.r.c.RepositoryConfigurationDelegate : Finished Spring Data repository scanning in 28 ms. Found 0 JPA repository interfaces.
2024-02-09T21:51:52.301+03:00  INFO 18972 --- [           main] .s.d.r.c.RepositoryConfigurationDelegate : Multiple Spring Data modules found, entering strict repository configuration mode
2024-02-09T21:51:52.302+03:00  INFO 18972 --- [           main] .s.d.r.c.RepositoryConfigurationDelegate : Bootstrapping Spring Data MongoDB repositories in DEFAULT mode.
2024-02-09T21:51:52.328+03:00  INFO 18972 --- [           main] .s.d.r.c.RepositoryConfigurationDelegate : Finished Spring Data repository scanning in 27 ms. Found 1 MongoDB repository interface.
2024-02-09T21:51:52.824+03:00  INFO 18972 --- [           main] com.zaxxer.hikari.HikariDataSource       : HikariPool-1 - Starting...
2024-02-09T21:51:53.114+03:00  INFO 18972 --- [           main] com.zaxxer.hikari.pool.HikariPool        : HikariPool-1 - Added connection org.postgresql.jdbc.PgConnection@7f3ca64a
2024-02-09T21:51:53.116+03:00  INFO 18972 --- [           main] com.zaxxer.hikari.HikariDataSource       : HikariPool-1 - Start completed.
2024-02-09T21:51:53.153+03:00  INFO 18972 --- [           main] o.hibernate.jpa.internal.util.LogHelper  : HHH000204: Processing PersistenceUnitInfo [name: default]
2024-02-09T21:51:53.220+03:00  INFO 18972 --- [           main] org.hibernate.Version                    : HHH000412: Hibernate ORM core version 6.4.1.Final
2024-02-09T21:51:53.253+03:00  INFO 18972 --- [           main] o.h.c.internal.RegionFactoryInitiator    : HHH000026: Second-level cache disabled
2024-02-09T21:51:53.553+03:00  INFO 18972 --- [           main] o.s.o.j.p.SpringPersistenceUnitInfo      : No LoadTimeWeaver setup: ignoring JPA class transformer
2024-02-09T21:51:53.617+03:00  WARN 18972 --- [           main] org.hibernate.orm.deprecation            : HHH90000025: PostgreSQLDialect does not need to be specified explicitly using 'hibernate.dialect' (remove the property setting and it will be selected by default)
2024-02-09T21:51:53.931+03:00  INFO 18972 --- [           main] o.h.e.t.j.p.i.JtaPlatformInitiator       : HHH000489: No JTA platform available (set 'hibernate.transaction.jta.platform' to enable JTA platform integration)
2024-02-09T21:51:53.936+03:00  INFO 18972 --- [           main] j.LocalContainerEntityManagerFactoryBean : Initialized JPA EntityManagerFactory for persistence unit 'default'
2024-02-09T21:51:54.241+03:00  INFO 18972 --- [           main] org.mongodb.driver.client                : MongoClient with metadata {"driver": {"name": "mongo-java-driver|sync|spring-boot", "version": "4.11.1"}, "os": {"type": "Windows", "name": "Windows 11", "architecture": "amd64", "version": "10.0"}, "platform": "Java/Oracle Corporation/19.0.2+7-44"} created with settings MongoClientSettings{readPreference=primary, writeConcern=WriteConcern{w=null, wTimeout=null ms, journal=null}, retryWrites=true, retryReads=true, readConcern=ReadConcern{level=null}, credential=null, transportSettings=null, streamFactoryFactory=null, commandListeners=[], codecRegistry=ProvidersCodecRegistry{codecProviders=[ValueCodecProvider{}, BsonValueCodecProvider{}, DBRefCodecProvider{}, DBObjectCodecProvider{}, DocumentCodecProvider{}, CollectionCodecProvider{}, IterableCodecProvider{}, MapCodecProvider{}, GeoJsonCodecProvider{}, GridFSFileCodecProvider{}, Jsr310CodecProvider{}, JsonObjectCodecProvider{}, BsonCodecProvider{}, EnumCodecProvider{}, com.mongodb.client.model.mql.ExpressionCodecProvider@7b2d58e6, com.mongodb.Jep395RecordCodecProvider@708f7386, com.mongodb.KotlinCodecProvider@377e90b0]}, loggerSettings=LoggerSettings{maxDocumentLength=1000}, clusterSettings={hosts=[localhost:27017], srvServiceName=mongodb, mode=SINGLE, requiredClusterType=UNKNOWN, requiredReplicaSetName='null', serverSelector='null', clusterListeners='[]', serverSelectionTimeout='30000 ms', localThreshold='15 ms'}, socketSettings=SocketSettings{connectTimeoutMS=10000, readTimeoutMS=0, receiveBufferSize=0, proxySettings=ProxySettings{host=null, port=null, username=null, password=null}}, heartbeatSocketSettings=SocketSettings{connectTimeoutMS=10000, readTimeoutMS=10000, receiveBufferSize=0, proxySettings=ProxySettings{host=null, port=null, username=null, password=null}}, connectionPoolSettings=ConnectionPoolSettings{maxSize=100, minSize=0, maxWaitTimeMS=120000, maxConnectionLifeTimeMS=0, maxConnectionIdleTimeMS=0, maintenanceInitialDelayMS=0, maintenanceFrequencyMS=60000, connectionPoolListeners=[], maxConnecting=2}, serverSettings=ServerSettings{heartbeatFrequencyMS=10000, minHeartbeatFrequencyMS=500, serverListeners='[]', serverMonitorListeners='[]'}, sslSettings=SslSettings{enabled=false, invalidHostNameAllowed=false, context=null}, applicationName='null', compressorList=[], uuidRepresentation=JAVA_LEGACY, serverApi=null, autoEncryptionSettings=null, dnsClient=null, inetAddressResolver=null, contextProvider=null}
2024-02-09T21:51:54.285+03:00  INFO 18972 --- [localhost:27017] org.mongodb.driver.cluster               : Monitor thread successfully connected to server with description ServerDescription{address=localhost:27017, type=STANDALONE, state=CONNECTED, ok=true, minWireVersion=0, maxWireVersion=13, maxDocumentSize=16777216, logicalSessionTimeoutMinutes=30, roundTripTimeNanos=51687400}
2024-02-09T21:51:54.744+03:00  WARN 18972 --- [           main] JpaBaseConfiguration$JpaWebConfiguration : spring.jpa.open-in-view is enabled by default. Therefore, database queries may be performed during view rendering. Explicitly configure spring.jpa.open-in-view to disable this warning
2024-02-09T21:51:55.277+03:00  INFO 18972 --- [           main] c.p.hallo.HalloApplicationTests          : Started HalloApplicationTests in 4.059 seconds (process running for 5.057)
]]></system-out>
  </testcase>
</testsuite>